{"level":"info","message":"Esto es un mensaje de debbug","service":"user-service"}
{"level":"warn","message":"Esto es un mensaje de advertencia","service":"user-service"}
{"level":"info","message":"Esto es un mensaje de debug","service":"user-service"}
{"level":"debug","message":"esto es un mensaje de debug","service":"user-service"}
{"level":"warn","message":"Esto es un mensaje de advertencia","service":"user-service"}
{"level":"error","message":"Esto es un error","service":"user-service"}
{"level":"info","message":"Esto es un mensaje de debug","service":"user-service"}
{"level":"debug","message":"esto es un mensaje de debug","service":"user-service"}
{"level":"warn","message":"Esto es un mensaje de advertencia","service":"user-service"}
{"level":"error","message":"Esto es un error","service":"user-service"}
{"level":"error","message":"Esto es un error","service":"user-service"}
{"level":"error","message":"Esto es un error","service":"user-service"}
{"level":"error","message":"Esto es un error","service":"user-service"}
{"level":"error","message":"Esto es un error","service":"user-service"}
{"level":"error","message":"Esto es un error","service":"user-service"}
{"level":"error","message":"Esto es un error","service":"user-service"}
{"level":"error","message":"Esto es un error","service":"user-service"}
{"level":"error","message":"Esto es un error","service":"user-service"}
{"level":"error","message":"Esto es un error","service":"user-service"}
{"level":"error","message":"Esto es un error","service":"user-service"}
{"level":"error","message":"Esto es un error","service":"user-service"}
{"level":"error","message":"Esto es un error","service":"user-service"}
{"level":"error","message":"Esto es un error","service":"user-service"}
{"level":"error","message":"Esto es un error","service":"user-service"}
{"level":"error","message":"Esto es un error","service":"user-service"}
{"level":"error","message":"Esto es un error","service":"user-service"}
{"level":"error","message":"Esto es un error","service":"user-service"}
{"level":"error","message":"Esto es un error","service":"user-service"}
{"level":"error","message":"Esto es un error","service":"user-service"}
{"level":"error","message":"Esto es un error","service":"user-service"}
{"level":"error","message":"Esto es un error","service":"user-service"}
{"level":"error","message":"Esto es un error","service":"user-service"}
{"level":"error","message":"Esto es un error","service":"user-service"}
{"level":"error","message":"Esto es un error","service":"user-service"}
{"level":"error","message":"Esto es un error","service":"user-service"}
{"level":"error","message":"Esto es un error","service":"user-service"}
{"level":"error","message":"Esto es un error","service":"user-service"}
{"level":"error","message":"Esto es un error","service":"user-service"}
{"level":"info","message":"Esto es un mensaje de debug","service":"user-service"}
{"level":"debug","message":"esto es un mensaje de debug","service":"user-service"}
{"level":"warn","message":"Esto es un mensaje de advertencia","service":"user-service"}
{"level":"error","message":"Esto es un error","service":"user-service"}
{"level":"info","message":"Esto es un mensaje de debug","service":"user-service"}
{"level":"debug","message":"esto es un mensaje de debug","service":"user-service"}
{"level":"warn","message":"Esto es un mensaje de advertencia","service":"user-service"}
{"level":"error","message":"Esto es un error","service":"user-service"}
{"level":"info","message":"Esto es un mensaje de debug","service":"user-service"}
{"level":"debug","message":"esto es un mensaje de debug","service":"user-service"}
{"level":"warn","message":"Esto es un mensaje de advertencia","service":"user-service"}
{"level":"error","message":"Esto es un error","service":"user-service"}
{"level":"info","message":"Esto es un mensaje de debug","service":"user-service"}
{"level":"debug","message":"esto es un mensaje de debug","service":"user-service"}
{"level":"warn","message":"Esto es un mensaje de advertencia","service":"user-service"}
{"level":"error","message":"Esto es un error","service":"user-service"}
